2017-03-18 18:13:31,273 [9] FATAL ProcessLogger [(null)] - System Start 2017/3/18 18:13:31
2017-03-18 18:13:31,812 [9] FATAL ProcessLogger [(null)] - login2017/3/18 18:13:31
2017-03-18 18:19:28,351 [9] FATAL ProcessLogger [(null)] - System Start 2017/3/18 18:19:28
2017-03-18 18:19:28,582 [9] FATAL ProcessLogger [(null)] - login2017/3/18 18:19:28
2017-03-18 18:20:26,948 [9] FATAL ProcessLogger [(null)] - System Start 2017/3/18 18:20:26
2017-03-18 18:20:27,132 [9] FATAL ProcessLogger [(null)] - login2017/3/18 18:20:27
2017-03-18 18:20:59,429 [10] FATAL ProcessLogger [(null)] - System Start 2017/3/18 18:20:59
2017-03-18 18:20:59,631 [10] FATAL ProcessLogger [(null)] - login2017/3/18 18:20:59
2017-03-18 18:21:40,306 [9] FATAL ProcessLogger [(null)] - System Start 2017/3/18 18:21:40
2017-03-18 18:21:40,457 [9] FATAL ProcessLogger [(null)] - login2017/3/18 18:21:40
2017-03-18 18:42:25,154 [10] FATAL ProcessLogger [(null)] - System Start 2017/3/18 18:42:25
2017-03-18 18:42:25,309 [10] FATAL ProcessLogger [(null)] - login2017/3/18 18:42:25
2017-03-18 18:49:15,559 [9] FATAL ProcessLogger [(null)] - System Start 2017/3/18 18:49:15
2017-03-18 18:49:15,736 [9] FATAL ProcessLogger [(null)] - login2017/3/18 18:49:15
2017-03-18 18:57:53,738 [10] FATAL ProcessLogger [(null)] - System Start 2017/3/18 18:57:53
2017-03-18 18:57:53,952 [10] FATAL ProcessLogger [(null)] - login2017/3/18 18:57:53
2017-03-18 18:58:19,791 [10] FATAL ProcessLogger [(null)] - System Start 2017/3/18 18:58:19
2017-03-18 18:58:19,986 [10] FATAL ProcessLogger [(null)] - login2017/3/18 18:58:19
2017-03-18 19:04:17,484 [8] FATAL ProcessLogger [(null)] - System Start 2017/3/18 19:04:17
2017-03-18 19:04:17,688 [8] FATAL ProcessLogger [(null)] - login2017/3/18 19:04:17
2017-03-18 19:11:19,513 [9] FATAL ProcessLogger [(null)] - System Start 2017/3/18 19:11:19
2017-03-18 19:11:19,760 [9] FATAL ProcessLogger [(null)] - login2017/3/18 19:11:19
2017-03-18 19:14:26,701 [11] FATAL ProcessLogger [(null)] - System Start 2017/3/18 19:14:26
2017-03-18 19:14:26,862 [11] FATAL ProcessLogger [(null)] - login2017/3/18 19:14:26
2017-03-18 19:18:10,366 [10] FATAL ProcessLogger [(null)] - System Start 2017/3/18 19:18:10
2017-03-18 19:18:10,546 [10] FATAL ProcessLogger [(null)] - login2017/3/18 19:18:10
2017-03-18 19:20:11,388 [10] FATAL ProcessLogger [(null)] - System Start 2017/3/18 19:20:11
2017-03-18 19:20:11,536 [10] FATAL ProcessLogger [(null)] - login2017/3/18 19:20:11
2017-03-18 20:17:26,924 [8] FATAL ProcessLogger [(null)] - System Start 2017/3/18 20:17:26
2017-03-18 20:17:27,127 [8] FATAL ProcessLogger [(null)] - login2017/3/18 20:17:27
2017-03-18 20:28:18,060 [10] FATAL ProcessLogger [(null)] - System Start 2017/3/18 20:28:18
2017-03-18 20:28:18,233 [10] FATAL ProcessLogger [(null)] - login2017/3/18 20:28:18
2017-03-18 20:34:27,203 [8] FATAL ProcessLogger [(null)] - System Start 2017/3/18 20:34:27
2017-03-18 20:34:27,395 [8] FATAL ProcessLogger [(null)] - login2017/3/18 20:34:27
2017-03-18 20:34:31,964 [8] FATAL ProcessLogger [(null)] - print Initial2017/3/18 20:34:31
2017-03-18 20:34:38,098 [8] FATAL ProcessLogger [(null)] - print Initial2017/3/18 20:34:38
2017-03-18 20:34:38,119 [8] FATAL ProcessLogger [(null)] - 109723 load file2017/3/18 20:34:38
2017-03-18 20:34:38,119 [8] FATAL ProcessLogger [(null)] - 109724 Add file2017/3/18 20:34:38
2017-03-18 20:34:42,922 [8] FATAL ProcessLogger [(null)] - 109724 display file2017/3/18 20:34:42
2017-03-18 20:35:04,603 [8] FATAL ProcessLogger [(null)] - print Initial2017/3/18 20:35:04
2017-03-18 20:35:04,636 [8] FATAL ProcessLogger [(null)] - 109723 load file2017/3/18 20:35:04
2017-03-18 20:35:04,636 [8] FATAL ProcessLogger [(null)] - 109724 Add file2017/3/18 20:35:04
2017-03-18 20:35:05,137 [8] FATAL ProcessLogger [(null)] - 109724 display file2017/3/18 20:35:05
2017-03-18 20:36:23,066 [9] FATAL ProcessLogger [(null)] - System Start 2017/3/18 20:36:23
2017-03-18 20:36:23,254 [9] FATAL ProcessLogger [(null)] - login2017/3/18 20:36:23
2017-03-18 20:36:52,412 [9] FATAL ProcessLogger [(null)] - print Initial2017/3/18 20:36:52
2017-03-18 20:36:57,129 [9] FATAL ProcessLogger [(null)] - print Initial2017/3/18 20:36:57
2017-03-18 20:36:57,149 [9] FATAL ProcessLogger [(null)] - 109723 load file2017/3/18 20:36:57
2017-03-18 20:36:57,149 [9] FATAL ProcessLogger [(null)] - 109724 Add file2017/3/18 20:36:57
2017-03-18 20:36:59,674 [9] FATAL ProcessLogger [(null)] - 109724 display file2017/3/18 20:36:59
2017-03-18 20:38:01,775 [9] FATAL ProcessLogger [(null)] - print Initial2017/3/18 20:38:01
2017-03-18 20:38:01,807 [9] FATAL ProcessLogger [(null)] - 109723 load file2017/3/18 20:38:01
2017-03-18 20:38:01,808 [9] FATAL ProcessLogger [(null)] - 109724 Add file2017/3/18 20:38:01
2017-03-18 20:38:02,242 [9] FATAL ProcessLogger [(null)] - 109724 display file2017/3/18 20:38:02
2017-03-18 20:40:26,356 [9] FATAL ProcessLogger [(null)] - System Start 2017/3/18 20:40:26
2017-03-18 20:40:26,495 [9] FATAL ProcessLogger [(null)] - login2017/3/18 20:40:26
2017-03-18 20:40:31,164 [9] FATAL ProcessLogger [(null)] - print Initial2017/3/18 20:40:31
2017-03-18 20:40:33,712 [9] FATAL ProcessLogger [(null)] - print Initial2017/3/18 20:40:33
2017-03-18 20:40:33,732 [9] FATAL ProcessLogger [(null)] - 109723 load file2017/3/18 20:40:33
2017-03-18 20:40:33,732 [9] FATAL ProcessLogger [(null)] - 109724 Add file2017/3/18 20:40:33
2017-03-18 20:40:35,595 [9] FATAL ProcessLogger [(null)] - 109724 display file2017/3/18 20:40:35
2017-03-18 20:40:42,081 [9] FATAL ProcessLogger [(null)] - print Initial2017/3/18 20:40:42
2017-03-18 20:40:42,119 [9] FATAL ProcessLogger [(null)] - 109723 load file2017/3/18 20:40:42
2017-03-18 20:40:42,119 [9] FATAL ProcessLogger [(null)] - 109724 Add file2017/3/18 20:40:42
2017-03-18 20:40:42,557 [9] FATAL ProcessLogger [(null)] - 109724 display file2017/3/18 20:40:42
2017-03-18 20:41:35,189 [9] FATAL ProcessLogger [(null)] - 8948 Down Initial2017/3/18 20:41:35
2017-03-18 20:42:08,177 [10] FATAL ProcessLogger [(null)] - System Start 2017/3/18 20:42:08
2017-03-18 20:42:08,333 [10] FATAL ProcessLogger [(null)] - login2017/3/18 20:42:08
2017-03-18 20:42:12,892 [10] FATAL ProcessLogger [(null)] - print Initial2017/3/18 20:42:12
2017-03-18 20:42:24,192 [10] FATAL ProcessLogger [(null)] - 8948 Down Initial2017/3/18 20:42:24
2017-03-18 21:31:45,713 [9] FATAL ProcessLogger [(null)] - System Start 2017/3/18 21:31:45
2017-03-18 21:31:45,890 [9] FATAL ProcessLogger [(null)] - login2017/3/18 21:31:45
2017-03-18 21:31:56,191 [9] FATAL ProcessLogger [(null)] - print Initial2017/3/18 21:31:56
2017-03-18 21:35:52,433 [10] FATAL ProcessLogger [(null)] - System Start 2017/3/18 21:35:52
2017-03-18 21:35:52,593 [10] FATAL ProcessLogger [(null)] - login2017/3/18 21:35:52
2017-03-18 21:36:17,526 [10] FATAL ProcessLogger [(null)] - print Initial2017/3/18 21:36:17
2017-03-18 21:36:54,867 [10] FATAL ProcessLogger [(null)] - System Start 2017/3/18 21:36:54
2017-03-18 21:36:55,045 [10] FATAL ProcessLogger [(null)] - login2017/3/18 21:36:55
2017-03-18 21:37:36,754 [10] FATAL ProcessLogger [(null)] - print Initial2017/3/18 21:37:36
2017-03-18 21:38:23,817 [10] FATAL ProcessLogger [(null)] - print Initial2017/3/18 21:38:23
2017-03-18 21:38:47,577 [10] FATAL ProcessLogger [(null)] - print Initial2017/3/18 21:38:47
2017-03-18 21:39:10,245 [10] FATAL ProcessLogger [(null)] - System Start 2017/3/18 21:39:10
2017-03-18 21:39:10,422 [10] FATAL ProcessLogger [(null)] - login2017/3/18 21:39:10
2017-03-18 21:40:35,801 [9] FATAL ProcessLogger [(null)] - System Start 2017/3/18 21:40:35
2017-03-18 21:40:35,976 [9] FATAL ProcessLogger [(null)] - login2017/3/18 21:40:35
2017-03-18 21:40:45,137 [9] FATAL ProcessLogger [(null)] - print Initial2017/3/18 21:40:45
2017-03-18 21:40:53,247 [9] FATAL ProcessLogger [(null)] - System Start 2017/3/18 21:40:53
2017-03-18 21:40:53,417 [9] FATAL ProcessLogger [(null)] - login2017/3/18 21:40:53
2017-03-18 21:41:05,933 [10] FATAL ProcessLogger [(null)] - System Start 2017/3/18 21:41:05
2017-03-18 21:41:06,076 [10] FATAL ProcessLogger [(null)] - login2017/3/18 21:41:06
2017-03-18 21:41:14,420 [10] FATAL ProcessLogger [(null)] - print Initial2017/3/18 21:41:14
2017-03-18 21:57:22,068 [10] FATAL ProcessLogger [(null)] - System Start 2017/3/18 21:57:22
2017-03-18 21:57:22,239 [10] FATAL ProcessLogger [(null)] - login2017/3/18 21:57:22
2017-03-18 21:58:03,931 [10] FATAL ProcessLogger [(null)] - print Initial2017/3/18 21:58:03
2017-03-18 22:00:51,705 [9] FATAL ProcessLogger [(null)] - System Start 2017/3/18 22:00:51
2017-03-18 22:00:51,878 [9] FATAL ProcessLogger [(null)] - login2017/3/18 22:00:51
2017-03-18 22:01:02,140 [9] FATAL ProcessLogger [(null)] - print Initial2017/3/18 22:01:02
2017-03-18 22:37:43,891 [10] FATAL ProcessLogger [(null)] - System Start 2017/3/18 22:37:43
2017-03-18 22:37:45,621 [10] FATAL ProcessLogger [(null)] - login2017/3/18 22:37:45
2017-03-18 22:55:45,980 [9] FATAL ProcessLogger [(null)] - System Start 2017/3/18 22:55:45
2017-03-18 22:55:46,277 [9] FATAL ProcessLogger [(null)] - login2017/3/18 22:55:46
2017-03-18 22:56:16,413 [9] FATAL ProcessLogger [(null)] - print Initial2017/3/18 22:56:16
2017-03-18 22:58:44,772 [10] FATAL ProcessLogger [(null)] - System Start 2017/3/18 22:58:44
2017-03-18 22:58:45,034 [10] FATAL ProcessLogger [(null)] - login2017/3/18 22:58:45
2017-03-18 22:58:54,424 [10] FATAL ProcessLogger [(null)] - print Initial2017/3/18 22:58:54
2017-03-18 23:01:34,728 [10] FATAL ProcessLogger [(null)] - System Start 2017/3/18 23:01:34
2017-03-18 23:01:35,011 [10] FATAL ProcessLogger [(null)] - login2017/3/18 23:01:35
2017-03-18 23:01:40,803 [10] FATAL ProcessLogger [(null)] - print Initial2017/3/18 23:01:40
2017-03-18 23:21:23,843 [9] FATAL ProcessLogger [(null)] - System Start 2017/3/18 23:21:23
2017-03-18 23:21:24,197 [9] FATAL ProcessLogger [(null)] - login2017/3/18 23:21:24
2017-03-18 23:21:56,707 [9] FATAL ProcessLogger [(null)] - print Initial2017/3/18 23:21:56
2017-03-18 23:26:09,390 [10] FATAL ProcessLogger [(null)] - System Start 2017/3/18 23:26:09
2017-03-18 23:26:09,629 [10] FATAL ProcessLogger [(null)] - login2017/3/18 23:26:09
2017-03-18 23:27:01,751 [10] FATAL ProcessLogger [(null)] - print Initial2017/3/18 23:27:01
2017-03-18 23:40:55,650 [8] FATAL ProcessLogger [(null)] - System Start 2017/3/18 23:40:55
2017-03-18 23:40:55,877 [8] FATAL ProcessLogger [(null)] - login2017/3/18 23:40:55
2017-03-18 23:41:04,817 [8] FATAL ProcessLogger [(null)] - print Initial2017/3/18 23:41:04
2017-03-18 23:42:52,514 [8] FATAL ProcessLogger [(null)] - print Initial2017/3/18 23:42:52
2017-03-18 23:43:44,127 [10] FATAL ProcessLogger [(null)] - System Start 2017/3/18 23:43:44
2017-03-18 23:43:44,345 [10] FATAL ProcessLogger [(null)] - login2017/3/18 23:43:44
2017-03-18 23:45:07,761 [10] FATAL ProcessLogger [(null)] - System Start 2017/3/18 23:45:07
2017-03-18 23:45:07,973 [10] FATAL ProcessLogger [(null)] - login2017/3/18 23:45:07
2017-03-18 23:46:50,314 [9] FATAL ProcessLogger [(null)] - System Start 2017/3/18 23:46:50
2017-03-18 23:46:50,527 [9] FATAL ProcessLogger [(null)] - login2017/3/18 23:46:50
2017-03-18 23:48:11,783 [10] FATAL ProcessLogger [(null)] - System Start 2017/3/18 23:48:11
2017-03-18 23:48:11,993 [10] FATAL ProcessLogger [(null)] - login2017/3/18 23:48:11
2017-03-18 23:48:38,031 [10] FATAL ProcessLogger [(null)] - print Initial2017/3/18 23:48:38
2017-03-18 23:48:48,574 [10] FATAL ProcessLogger [(null)] - System Start 2017/3/18 23:48:48
2017-03-18 23:48:48,894 [10] FATAL ProcessLogger [(null)] - login2017/3/18 23:48:48
2017-03-18 23:50:06,448 [10] FATAL ProcessLogger [(null)] - System Start 2017/3/18 23:50:06
2017-03-18 23:50:06,815 [10] FATAL ProcessLogger [(null)] - login2017/3/18 23:50:06
2017-03-18 23:50:23,691 [8] FATAL ProcessLogger [(null)] - System Start 2017/3/18 23:50:23
2017-03-18 23:50:23,939 [8] FATAL ProcessLogger [(null)] - login2017/3/18 23:50:23
2017-03-18 23:50:44,031 [8] FATAL ProcessLogger [(null)] - print Initial2017/3/18 23:50:44
2017-03-18 23:51:22,934 [10] FATAL ProcessLogger [(null)] - System Start 2017/3/18 23:51:22
2017-03-18 23:51:23,129 [10] FATAL ProcessLogger [(null)] - login2017/3/18 23:51:23
2017-03-18 23:51:49,045 [10] FATAL ProcessLogger [(null)] - print Initial2017/3/18 23:51:49
